@!@!@STARTMSG 2262:0 @!@!@
TLC2 Version 2.13 of 18 July 2018
@!@!@ENDMSG 2262 @!@!@
@!@!@STARTMSG 2187:0 @!@!@
Running breadth-first search Model-Checking with seed -3624637598497558811 with 2 workers on 4 cores with 994MB heap and 1984MB offheap memory (Linux 4.15.0-47-generic amd64, Oracle Corporation 10.0.2 x86_64).
@!@!@ENDMSG 2187 @!@!@
@!@!@STARTMSG 2220:0 @!@!@
Starting SANY...
@!@!@ENDMSG 2220 @!@!@
Parsing file /home/mike/dev/projects/tla_plus/book/recycler.toolbox/Model_recycler/MC.tla
Parsing file /home/mike/dev/projects/tla_plus/book/recycler.toolbox/Model_recycler/recycler.tla
Parsing file /home/mike/dev/programs/toolbox/plugins/org.lamport.tlatools_1.0.0.201807180447/tla2sany/StandardModules/TLC.tla
Parsing file /home/mike/dev/programs/toolbox/plugins/org.lamport.tlatools_1.0.0.201807180447/tla2sany/StandardModules/Sequences.tla
Parsing file /home/mike/dev/programs/toolbox/plugins/org.lamport.tlatools_1.0.0.201807180447/tla2sany/StandardModules/Integers.tla
Parsing file /home/mike/dev/programs/toolbox/plugins/org.lamport.tlatools_1.0.0.201807180447/tla2sany/StandardModules/FiniteSets.tla
Parsing file /home/mike/dev/programs/toolbox/plugins/org.lamport.tlatools_1.0.0.201807180447/tla2sany/StandardModules/Naturals.tla
Semantic processing of module Naturals
Semantic processing of module Sequences
Semantic processing of module Integers
Semantic processing of module FiniteSets
Semantic processing of module TLC
Semantic processing of module recycler
Semantic processing of module MC
@!@!@STARTMSG 2219:0 @!@!@
SANY finished.
@!@!@ENDMSG 2219 @!@!@
@!@!@STARTMSG 2185:0 @!@!@
Starting... (2019-05-05 12:41:33)
@!@!@ENDMSG 2185 @!@!@
@!@!@STARTMSG 2189:0 @!@!@
Computing initial states...
@!@!@ENDMSG 2189 @!@!@
@!@!@STARTMSG 2269:0 @!@!@
Computed 2 initial states...
@!@!@ENDMSG 2269 @!@!@
@!@!@STARTMSG 2269:0 @!@!@
Computed 4 initial states...
@!@!@ENDMSG 2269 @!@!@
@!@!@STARTMSG 2269:0 @!@!@
Computed 8 initial states...
@!@!@ENDMSG 2269 @!@!@
@!@!@STARTMSG 2269:0 @!@!@
Computed 16 initial states...
@!@!@ENDMSG 2269 @!@!@
@!@!@STARTMSG 2269:0 @!@!@
Computed 32 initial states...
@!@!@ENDMSG 2269 @!@!@
@!@!@STARTMSG 2269:0 @!@!@
Computed 64 initial states...
@!@!@ENDMSG 2269 @!@!@
@!@!@STARTMSG 2269:0 @!@!@
Computed 128 initial states...
@!@!@ENDMSG 2269 @!@!@
@!@!@STARTMSG 2269:0 @!@!@
Computed 256 initial states...
@!@!@ENDMSG 2269 @!@!@
@!@!@STARTMSG 2269:0 @!@!@
Computed 512 initial states...
@!@!@ENDMSG 2269 @!@!@
@!@!@STARTMSG 2269:0 @!@!@
Computed 1024 initial states...
@!@!@ENDMSG 2269 @!@!@
@!@!@STARTMSG 2269:0 @!@!@
Computed 2048 initial states...
@!@!@ENDMSG 2269 @!@!@
@!@!@STARTMSG 2269:0 @!@!@
Computed 4096 initial states...
@!@!@ENDMSG 2269 @!@!@
@!@!@STARTMSG 2269:0 @!@!@
Computed 8192 initial states...
@!@!@ENDMSG 2269 @!@!@
@!@!@STARTMSG 2269:0 @!@!@
Computed 16384 initial states...
@!@!@ENDMSG 2269 @!@!@
@!@!@STARTMSG 2269:0 @!@!@
Computed 32768 initial states...
@!@!@ENDMSG 2269 @!@!@
@!@!@STARTMSG 2269:0 @!@!@
Computed 65536 initial states...
@!@!@ENDMSG 2269 @!@!@
@!@!@STARTMSG 2269:0 @!@!@
Computed 131072 initial states...
@!@!@ENDMSG 2269 @!@!@
@!@!@STARTMSG 2269:0 @!@!@
Computed 262144 initial states...
@!@!@ENDMSG 2269 @!@!@
@!@!@STARTMSG 2269:0 @!@!@
Computed 524288 initial states...
@!@!@ENDMSG 2269 @!@!@
@!@!@STARTMSG 2269:0 @!@!@
Computed 1048576 initial states...
@!@!@ENDMSG 2269 @!@!@
@!@!@STARTMSG 2190:0 @!@!@
Finished computing initial states: 2073600 distinct states generated.
@!@!@ENDMSG 2190 @!@!@
@!@!@STARTMSG 2200:0 @!@!@
Progress(2) at 2019-05-05 12:41:45: 2286471 states generated (2,286,471 s/min), 2286471 distinct states found (2,286,471 ds/min), 2073598 states left on queue.
@!@!@ENDMSG 2200 @!@!@
@!@!@STARTMSG 1000:1 @!@!@
TLC threw an unexpected exception.
This was probably caused by an error in the spec or model.
See the User Output or TLC Console for clues to what happened.
The exception was a java.lang.RuntimeException
: @!@!@STARTMSG 2154:0 @!@!@
Attempted to apply the operator overridden by the Java method
public static tlc2.value.Value tlc2.module.TLC.Assert(tlc2.value.Value,tlc2.value.Value),
but it produced the following error:
@!@!@STARTMSG 2132:0 @!@!@
The first argument of Assert evaluated to FALSE; the second argument was:
"Failure of assertion at line 37, column 6."
@!@!@ENDMSG 2132 @!@!@
@!@!@ENDMSG 2154 @!@!@
@!@!@ENDMSG 1000 @!@!@
@!@!@STARTMSG 2121:1 @!@!@
The behavior up to this point is:
@!@!@ENDMSG 2121 @!@!@
@!@!@STARTMSG 2217:4 @!@!@
1: <Initial predicate>
/\ capacity = [trash |-> 1, recycle |-> 3]
/\ curr = ""
/\ bins = [trash |-> {}, recycle |-> {}]
/\ items = << [type |-> "trash", size |-> 1],
   [type |-> "recycle", size |-> 1],
   [type |-> "recycle", size |-> 1],
   [type |-> "trash", size |-> 3] >>
/\ pc = "Lbl_1"
/\ item = { [type |-> "trash", size |-> 1],
  [type |-> "trash", size |-> 2],
  [type |-> "trash", size |-> 3],
  [type |-> "trash", size |-> 4],
  [type |-> "trash", size |-> 5],
  [type |-> "trash", size |-> 6],
  [type |-> "recycle", size |-> 1],
  [type |-> "recycle", size |-> 2],
  [type |-> "recycle", size |-> 3],
  [type |-> "recycle", size |-> 4],
  [type |-> "recycle", size |-> 5],
  [type |-> "recycle", size |-> 6] }
/\ count = [trash |-> 0, recycle |-> 0]

@!@!@ENDMSG 2217 @!@!@
@!@!@STARTMSG 2217:4 @!@!@
2: <Lbl_1 line 53, col 10 to line 77, col 24 of module recycler>
/\ capacity = [trash |-> 1, recycle |-> 3]
/\ curr = [type |-> "trash", size |-> 1]
/\ bins = [trash |-> {}, recycle |-> {}]
/\ items = << [type |-> "recycle", size |-> 1],
   [type |-> "recycle", size |-> 1],
   [type |-> "trash", size |-> 3] >>
/\ pc = "Lbl_1"
/\ item = { [type |-> "trash", size |-> 1],
  [type |-> "trash", size |-> 2],
  [type |-> "trash", size |-> 3],
  [type |-> "trash", size |-> 4],
  [type |-> "trash", size |-> 5],
  [type |-> "trash", size |-> 6],
  [type |-> "recycle", size |-> 1],
  [type |-> "recycle", size |-> 2],
  [type |-> "recycle", size |-> 3],
  [type |-> "recycle", size |-> 4],
  [type |-> "recycle", size |-> 5],
  [type |-> "recycle", size |-> 6] }
/\ count = [trash |-> 0, recycle |-> 0]

@!@!@ENDMSG 2217 @!@!@
@!@!@STARTMSG 2217:4 @!@!@
3: <Lbl_1 line 53, col 10 to line 77, col 24 of module recycler>
/\ capacity = [trash |-> 1, recycle |-> 2]
/\ curr = [type |-> "recycle", size |-> 1]
/\ bins = [trash |-> {}, recycle |-> {[type |-> "recycle", size |-> 1]}]
/\ items = <<[type |-> "recycle", size |-> 1], [type |-> "trash", size |-> 3]>>
/\ pc = "Lbl_1"
/\ item = { [type |-> "trash", size |-> 1],
  [type |-> "trash", size |-> 2],
  [type |-> "trash", size |-> 3],
  [type |-> "trash", size |-> 4],
  [type |-> "trash", size |-> 5],
  [type |-> "trash", size |-> 6],
  [type |-> "recycle", size |-> 1],
  [type |-> "recycle", size |-> 2],
  [type |-> "recycle", size |-> 3],
  [type |-> "recycle", size |-> 4],
  [type |-> "recycle", size |-> 5],
  [type |-> "recycle", size |-> 6] }
/\ count = [trash |-> 0, recycle |-> 1]

@!@!@ENDMSG 2217 @!@!@
@!@!@STARTMSG 2217:4 @!@!@
4: <Lbl_1 line 53, col 10 to line 77, col 24 of module recycler>
/\ capacity = [trash |-> 1, recycle |-> 1]
/\ curr = [type |-> "recycle", size |-> 1]
/\ bins = [trash |-> {}, recycle |-> {[type |-> "recycle", size |-> 1]}]
/\ items = <<[type |-> "trash", size |-> 3]>>
/\ pc = "Lbl_1"
/\ item = { [type |-> "trash", size |-> 1],
  [type |-> "trash", size |-> 2],
  [type |-> "trash", size |-> 3],
  [type |-> "trash", size |-> 4],
  [type |-> "trash", size |-> 5],
  [type |-> "trash", size |-> 6],
  [type |-> "recycle", size |-> 1],
  [type |-> "recycle", size |-> 2],
  [type |-> "recycle", size |-> 3],
  [type |-> "recycle", size |-> 4],
  [type |-> "recycle", size |-> 5],
  [type |-> "recycle", size |-> 6] }
/\ count = [trash |-> 0, recycle |-> 2]

@!@!@ENDMSG 2217 @!@!@
@!@!@STARTMSG 2217:4 @!@!@
5: <Lbl_1 line 53, col 10 to line 77, col 24 of module recycler>
/\ capacity = [trash |-> 1, recycle |-> 1]
/\ curr = [type |-> "trash", size |-> 3]
/\ bins = [trash |-> {}, recycle |-> {[type |-> "recycle", size |-> 1]}]
/\ items = <<>>
/\ pc = "Lbl_1"
/\ item = { [type |-> "trash", size |-> 1],
  [type |-> "trash", size |-> 2],
  [type |-> "trash", size |-> 3],
  [type |-> "trash", size |-> 4],
  [type |-> "trash", size |-> 5],
  [type |-> "trash", size |-> 6],
  [type |-> "recycle", size |-> 1],
  [type |-> "recycle", size |-> 2],
  [type |-> "recycle", size |-> 3],
  [type |-> "recycle", size |-> 4],
  [type |-> "recycle", size |-> 5],
  [type |-> "recycle", size |-> 6] }
/\ count = [trash |-> 0, recycle |-> 2]

@!@!@ENDMSG 2217 @!@!@
@!@!@STARTMSG 2103:1 @!@!@
The error occurred when TLC was evaluating the nested
expressions at the following positions:
0. Line 53, column 10 to line 77, column 24 in recycler
1. Line 53, column 13 to line 53, column 24 in recycler
2. Line 54, column 13 to line 76, column 73 in recycler
3. Line 69, column 21 to line 76, column 73 in recycler
4. Line 69, column 24 to line 70, column 75 in recycler
5. Line 71, column 24 to line 72, column 75 in recycler
6. Line 73, column 24 to line 74, column 75 in recycler


@!@!@ENDMSG 2103 @!@!@
@!@!@STARTMSG 2201:0 @!@!@
The coverage statistics at 2019-05-05 12:42:18
@!@!@ENDMSG 2201 @!@!@
@!@!@STARTMSG 2221:0 @!@!@
  line 42, col 12 to line 42, col 19 of module recycler: 0
@!@!@ENDMSG 2221 @!@!@
@!@!@STARTMSG 2221:0 @!@!@
  line 42, col 22 to line 42, col 25 of module recycler: 0
@!@!@ENDMSG 2221 @!@!@
@!@!@STARTMSG 2221:0 @!@!@
  line 42, col 28 to line 42, col 32 of module recycler: 0
@!@!@ENDMSG 2221 @!@!@
@!@!@STARTMSG 2221:0 @!@!@
  line 42, col 35 to line 42, col 38 of module recycler: 0
@!@!@ENDMSG 2221 @!@!@
@!@!@STARTMSG 2221:0 @!@!@
  line 42, col 41 to line 42, col 45 of module recycler: 0
@!@!@ENDMSG 2221 @!@!@
@!@!@STARTMSG 2221:0 @!@!@
  line 42, col 48 to line 42, col 51 of module recycler: 0
@!@!@ENDMSG 2221 @!@!@
@!@!@STARTMSG 2221:0 @!@!@
  line 42, col 54 to line 42, col 55 of module recycler: 0
@!@!@ENDMSG 2221 @!@!@
@!@!@STARTMSG 2221:0 @!@!@
  line 55, col 24 to line 55, col 42 of module recycler: 5635440
@!@!@ENDMSG 2221 @!@!@
@!@!@STARTMSG 2221:0 @!@!@
  line 56, col 24 to line 56, col 43 of module recycler: 5635440
@!@!@ENDMSG 2221 @!@!@
@!@!@STARTMSG 2221:0 @!@!@
  line 58, col 35 to line 58, col 102 of module recycler: 1248514
@!@!@ENDMSG 2221 @!@!@
@!@!@STARTMSG 2221:0 @!@!@
  line 59, col 35 to line 59, col 111 of module recycler: 1248514
@!@!@ENDMSG 2221 @!@!@
@!@!@STARTMSG 2221:0 @!@!@
  line 60, col 35 to line 60, col 93 of module recycler: 1248514
@!@!@ENDMSG 2221 @!@!@
@!@!@STARTMSG 2221:0 @!@!@
  line 62, col 46 to line 62, col 113 of module recycler: 2890866
@!@!@ENDMSG 2221 @!@!@
@!@!@STARTMSG 2221:0 @!@!@
  line 63, col 46 to line 63, col 122 of module recycler: 2890866
@!@!@ENDMSG 2221 @!@!@
@!@!@STARTMSG 2221:0 @!@!@
  line 64, col 46 to line 64, col 104 of module recycler: 2890866
@!@!@ENDMSG 2221 @!@!@
@!@!@STARTMSG 2221:0 @!@!@
  line 66, col 59 to line 66, col 66 of module recycler: 1496060
@!@!@ENDMSG 2221 @!@!@
@!@!@STARTMSG 2221:0 @!@!@
  line 66, col 69 to line 66, col 72 of module recycler: 1496060
@!@!@ENDMSG 2221 @!@!@
@!@!@STARTMSG 2221:0 @!@!@
  line 67, col 59 to line 67, col 63 of module recycler: 1496060
@!@!@ENDMSG 2221 @!@!@
@!@!@STARTMSG 2221:0 @!@!@
  line 68, col 24 to line 68, col 36 of module recycler: 5635440
@!@!@ENDMSG 2221 @!@!@
@!@!@STARTMSG 2221:0 @!@!@
  line 75, col 24 to line 75, col 35 of module recycler: 69
@!@!@ENDMSG 2221 @!@!@
@!@!@STARTMSG 2221:0 @!@!@
  line 76, col 37 to line 76, col 44 of module recycler: 69
@!@!@ENDMSG 2221 @!@!@
@!@!@STARTMSG 2221:0 @!@!@
  line 76, col 47 to line 76, col 50 of module recycler: 69
@!@!@ENDMSG 2221 @!@!@
@!@!@STARTMSG 2221:0 @!@!@
  line 76, col 53 to line 76, col 57 of module recycler: 69
@!@!@ENDMSG 2221 @!@!@
@!@!@STARTMSG 2221:0 @!@!@
  line 76, col 60 to line 76, col 64 of module recycler: 69
@!@!@ENDMSG 2221 @!@!@
@!@!@STARTMSG 2221:0 @!@!@
  line 76, col 67 to line 76, col 70 of module recycler: 69
@!@!@ENDMSG 2221 @!@!@
@!@!@STARTMSG 2221:0 @!@!@
  line 77, col 13 to line 77, col 24 of module recycler: 5635509
@!@!@ENDMSG 2221 @!@!@
@!@!@STARTMSG 2202:0 @!@!@
End of statistics.
@!@!@ENDMSG 2202 @!@!@
@!@!@STARTMSG 2200:0 @!@!@
Progress(6) at 2019-05-05 12:42:18: 7709109 states generated (10,421,000 s/min), 5709824 distinct states found (7,718,412 ds/min), 74313 states left on queue.
@!@!@ENDMSG 2200 @!@!@
@!@!@STARTMSG 2199:0 @!@!@
7709109 states generated, 5709824 distinct states found, 74313 states left on queue.
@!@!@ENDMSG 2199 @!@!@
@!@!@STARTMSG 2194:0 @!@!@
The depth of the complete state graph search is 6.
@!@!@ENDMSG 2194 @!@!@
@!@!@STARTMSG 2268:0 @!@!@
The average outdegree of the complete state graph is 1 (minimum is 0, the maximum 1 and the 95th percentile is 1).
@!@!@ENDMSG 2268 @!@!@
@!@!@STARTMSG 2186:0 @!@!@
Finished in 44964ms at (2019-05-05 12:42:18)
@!@!@ENDMSG 2186 @!@!@
